This file contains any messages produced by compilers while
running configure, to aid debugging if configure makes a mistake.

configure:639: checking for a BSD compatible install
configure:692: checking whether build environment is sane
configure:749: checking whether make sets ${MAKE}
configure:795: checking for working aclocal
configure:808: checking for working autoconf
configure:821: checking for working automake
configure:834: checking for working autoheader
configure:847: checking for working makeinfo
configure:865: checking whether to enable maintainer-specific portions of Makefiles
configure:947: checking for gcc
configure:1060: checking whether the C compiler (gcc  ) works
configure:1076: gcc -o conftest    conftest.c  1>&5
configure:1102: checking whether the C compiler (gcc  ) is a cross-compiler
configure:1107: checking whether we are using GNU C
configure:1116: gcc -E conftest.c
configure:1135: checking whether gcc accepts -g
configure:1167: checking how to run the C preprocessor
configure:1188: gcc -E  conftest.c >/dev/null 2>conftest.out
configure:1252: checking for flex
configure:1252: checking for lex
configure:1285: checking for flex
configure:1319: checking for yywrap in -ll
configure:1338: gcc -o conftest -g -O2   conftest.c -ll   1>&5
/usr/bin/ld: cannot find -ll
collect2: error: ld returned 1 exit status
configure: failed program was:
#line 1327 "configure"
#include "confdefs.h"
/* Override any gcc2 internal prototype to avoid an error.  */
/* We use char because int might match the return type of a gcc2
    builtin and then its argument prototype would still apply.  */
char yywrap();

int main() {
yywrap()
; return 0; }
configure:1361: checking lex output file root
